  main.cpp
c:\users\charly\desktop\uni\2nd curso\programación\poyecto\projectlp\main.cpp(27): warning C4018: '<': signed/unsigned mismatch
c:\users\charly\desktop\uni\2nd curso\programación\poyecto\projectlp\main.cpp(30): warning C4018: '<': signed/unsigned mismatch
c:\users\charly\desktop\uni\2nd curso\programación\poyecto\projectlp\main.cpp(264): warning C4018: '<': signed/unsigned mismatch
c:\users\charly\desktop\uni\2nd curso\programación\poyecto\projectlp\main.cpp(468): warning C4018: '<': signed/unsigned mismatch
c:\users\charly\desktop\uni\2nd curso\programación\poyecto\projectlp\main.cpp(676): warning C4018: '<': signed/unsigned mismatch
  MatriuSparse.cpp
c:\users\charly\desktop\uni\2nd curso\programación\poyecto\projectlp\matriusparse.cpp(43): warning C4018: '<': signed/unsigned mismatch
c:\users\charly\desktop\uni\2nd curso\programación\poyecto\projectlp\matriusparse.cpp(48): warning C4018: '<': signed/unsigned mismatch
c:\users\charly\desktop\uni\2nd curso\programación\poyecto\projectlp\matriusparse.cpp(228): warning C4244: 'argument': conversion from 'int' to 'const float', possible loss of data
c:\users\charly\desktop\uni\2nd curso\programación\poyecto\projectlp\matriusparse.cpp(236): warning C4018: '<': signed/unsigned mismatch
c:\users\charly\desktop\uni\2nd curso\programación\poyecto\projectlp\matriusparse.cpp(245): warning C4244: 'argument': conversion from 'int' to 'const float', possible loss of data
c:\users\charly\desktop\uni\2nd curso\programación\poyecto\projectlp\matriusparse.cpp(282): warning C4244: '=': conversion from 'int' to 'float', possible loss of data
c:\users\charly\desktop\uni\2nd curso\programación\poyecto\projectlp\matriusparse.cpp(316): warning C4244: '=': conversion from 'int' to 'float', possible loss of data
c:\users\charly\desktop\uni\2nd curso\programación\poyecto\projectlp\matriusparse.cpp(327): warning C4018: '<': signed/unsigned mismatch
c:\users\charly\desktop\uni\2nd curso\programación\poyecto\projectlp\matriusparse.cpp(335): warning C4244: 'argument': conversion from 'int' to 'const float', possible loss of data
c:\users\charly\desktop\uni\2nd curso\programación\poyecto\projectlp\matriusparse.cpp(211): warning C4101: 'numCopias': unreferenced local variable
c:\users\charly\desktop\uni\2nd curso\programación\poyecto\projectlp\matriusparse.cpp(211): warning C4101: 'valorColumna': unreferenced local variable
c:\users\charly\desktop\uni\2nd curso\programación\poyecto\projectlp\matriusparse.cpp(211): warning C4101: 'ultimoValorFil': unreferenced local variable
c:\users\charly\desktop\uni\2nd curso\programación\poyecto\projectlp\matriusparse.cpp(211): warning C4101: 'valorFilAnt': unreferenced local variable
c:\users\charly\desktop\uni\2nd curso\programación\poyecto\projectlp\matriusparse.cpp(452): warning C4018: '<': signed/unsigned mismatch
c:\users\charly\desktop\uni\2nd curso\programación\poyecto\projectlp\matriusparse.cpp(454): warning C4244: '=': conversion from 'float' to 'int', possible loss of data
c:\users\charly\desktop\uni\2nd curso\programación\poyecto\projectlp\matriusparse.cpp(455): warning C4244: '=': conversion from 'float' to 'int', possible loss of data
c:\users\charly\desktop\uni\2nd curso\programación\poyecto\projectlp\matriusparse.cpp(456): warning C4244: '=': conversion from 'int' to 'float', possible loss of data
c:\users\charly\desktop\uni\2nd curso\programación\poyecto\projectlp\matriusparse.cpp(485): warning C4018: '<': signed/unsigned mismatch
c:\users\charly\desktop\uni\2nd curso\programación\poyecto\projectlp\matriusparse.cpp(487): warning C4244: '=': conversion from 'float' to 'int', possible loss of data
c:\users\charly\desktop\uni\2nd curso\programación\poyecto\projectlp\matriusparse.cpp(488): warning C4244: '=': conversion from 'float' to 'int', possible loss of data
c:\users\charly\desktop\uni\2nd curso\programación\poyecto\projectlp\matriusparse.cpp(489): warning C4244: '=': conversion from 'int' to 'float', possible loss of data
c:\users\charly\desktop\uni\2nd curso\programación\poyecto\projectlp\matriusparse.cpp(519): warning C4018: '<': signed/unsigned mismatch
c:\users\charly\desktop\uni\2nd curso\programación\poyecto\projectlp\matriusparse.cpp(559): warning C4018: '<': signed/unsigned mismatch
c:\users\charly\desktop\uni\2nd curso\programación\poyecto\projectlp\matriusparse.cpp(578): warning C4018: '<': signed/unsigned mismatch
c:\users\charly\desktop\uni\2nd curso\programación\poyecto\projectlp\matriusparse.cpp(585): warning C4018: '<': signed/unsigned mismatch
c:\users\charly\desktop\uni\2nd curso\programación\poyecto\projectlp\matriusparse.cpp(593): warning C4018: '<': signed/unsigned mismatch
c:\users\charly\desktop\uni\2nd curso\programación\poyecto\projectlp\matriusparse.cpp(592): warning C4101: 'nextValue': unreferenced local variable
  Generating Code...
  ProjectLP.vcxproj -> C:\Users\charly\Desktop\UNI\2nd Curso\Programación\Poyecto\ProjectLP\Debug\ProjectLP.exe
  ProjectLP.vcxproj -> C:\Users\charly\Desktop\UNI\2nd Curso\Programación\Poyecto\ProjectLP\Debug\ProjectLP.pdb (Partial PDB)
